\BOOKMARK [1][-]{section*.5}{\376\377\000L\000i\000s\000t\000a\000d\000o\000\040\000d\000e\000\040\000s\000\355\000m\000b\000o\000l\000o\000s\000,\000\040\000t\000\351\000r\000m\000i\000n\000o\000s\000\040\000e\000s\000p\000e\000c\000i\000a\000l\000e\000s\000\040\000y\000\040\000a\000b\000r\000e\000v\000i\000a\000t\000u\000r\000a\000s\000\040\000n\000o\000\040\000n\000o\000r\000m\000a\000l\000i\000z\000a\000d\000a\000s}{}% 1
\BOOKMARK [1][-]{section*.6}{\376\377\000\315\000n\000d\000i\000c\000e\000\040\000d\000e\000\040\000f\000i\000g\000u\000r\000a\000s}{}% 2
\BOOKMARK [1][-]{section*.7}{\376\377\000\315\000n\000d\000i\000c\000e\000\040\000d\000e\000\040\000t\000a\000b\000l\000a\000s}{}% 3
\BOOKMARK [1][-]{section*.7}{\376\377\000R\000e\000s\000u\000m\000e\000n}{}% 4
\BOOKMARK [1][-]{section*.7}{\376\377\000A\000b\000s\000t\000r\000a\000c\000t}{}% 5
\BOOKMARK [1][-]{section*.8}{\376\377\000I\000N\000T\000R\000O\000D\000U\000C\000C\000I\000\323\000N}{}% 6
\BOOKMARK [0][-]{chapter.1}{\376\377\000A\000n\000\341\000l\000i\000s\000i\000s\000\040\000T\000e\000\363\000r\000i\000c\000o\000\040\000d\000e\000\040\000l\000a\000\040\000A\000p\000l\000i\000c\000a\000c\000i\000\363\000n\000\040\000d\000e\000l\000\040\000I\000n\000t\000e\000r\000n\000e\000t\000\040\000d\000e\000\040\000l\000a\000s\000\040\000C\000o\000s\000a\000s\000\040\000e\000n\000\040\000l\000o\000s\000\040\000M\000u\000s\000e\000o\000s}{}% 7
\BOOKMARK [1][-]{section*.9}{\376\377\000I\000n\000t\000r\000o\000d\000u\000c\000c\000i\000\363\000n}{chapter.1}% 8
\BOOKMARK [1][-]{section.1.1}{\376\377\000I\000n\000t\000e\000r\000n\000e\000t\000\040\000d\000e\000\040\000l\000a\000s\000\040\000C\000o\000s\000a\000s}{chapter.1}% 9
\BOOKMARK [2][-]{subsection.1.1.1}{\376\377\000I\000o\000T\000\040\000e\000n\000\040\000l\000o\000s\000\040\000m\000u\000s\000e\000o\000s\000\040\000i\000n\000t\000e\000r\000n\000a\000c\000i\000o\000n\000a\000l\000e\000s}{section.1.1}% 10
\BOOKMARK [2][-]{subsection.1.1.2}{\376\377\000I\000n\000t\000e\000r\000n\000e\000t\000\040\000d\000e\000\040\000l\000a\000s\000\040\000C\000o\000s\000a\000s\000\040\000e\000n\000\040\000C\000u\000b\000a}{section.1.1}% 11
\BOOKMARK [1][-]{section.1.2}{\376\377\000C\000o\000l\000e\000c\000c\000i\000\363\000n\000\040\000d\000e\000\040\000A\000r\000t\000e\000\040\000y\000\040\000A\000r\000q\000u\000e\000o\000l\000o\000g\000\355\000a\000\040\000F\000r\000a\000n\000c\000i\000s\000c\000o\000\040\000P\000r\000a\000t\000\040\000P\000u\000i\000g}{chapter.1}% 12
\BOOKMARK [1][-]{section.1.3}{\376\377\000A\000r\000q\000u\000i\000t\000e\000c\000t\000u\000r\000a\000\040\000I\000o\000T\000\040\000y\000\040\000s\000u\000s\000\040\000p\000r\000i\000n\000c\000i\000p\000a\000l\000e\000s\000\040\000c\000a\000p\000a\000s}{chapter.1}% 13
\BOOKMARK [2][-]{subsection.1.3.1}{\376\377\000P\000r\000o\000p\000u\000e\000s\000t\000a\000\040\000d\000e\000\040\000l\000a\000\040\000A\000r\000q\000u\000i\000t\000e\000c\000t\000u\000r\000a\000\040\000I\000o\000T\000\040\000d\000e\000l\000\040\000S\000i\000s\000t\000e\000m\000a}{section.1.3}% 14
\BOOKMARK [2][-]{subsection.1.3.2}{\376\377\000C\000a\000p\000a\000\040\000d\000e\000\040\000P\000e\000r\000c\000e\000p\000c\000i\000\363\000n}{section.1.3}% 15
\BOOKMARK [2][-]{figure.caption.19}{\376\377\000\040\0001\000.\0003\000.\0002\000.\0001\000\040\000S\000e\000n\000s\000o\000r\000e\000s}{section.1.3}% 16
\BOOKMARK [2][-]{figure.caption.19}{\376\377\000\040\0001\000.\0003\000.\0002\000.\0002\000\040\000M\000i\000c\000r\000o\000c\000o\000n\000t\000r\000o\000l\000a\000d\000o\000r\000e\000s}{section.1.3}% 17
\BOOKMARK [2][-]{figure.caption.20}{\376\377\000\040\0001\000.\0003\000.\0002\000.\0003\000\040\000N\000o\000d\000o\000s}{section.1.3}% 18
\BOOKMARK [2][-]{subsection.1.3.3}{\376\377\000C\000a\000p\000a\000\040\000d\000e\000\040\000T\000r\000a\000n\000s\000p\000o\000r\000t\000e}{section.1.3}% 19
\BOOKMARK [2][-]{subsection.1.3.3}{\376\377\000\040\0001\000.\0003\000.\0003\000.\0001\000\040\000P\000r\000o\000t\000o\000c\000o\000l\000o\000\040\000M\000Q\000T\000T}{section.1.3}% 20
\BOOKMARK [2][-]{subsection.1.3.3}{\376\377\000\040\0001\000.\0003\000.\0003\000.\0002\000\040\000P\000r\000o\000t\000o\000c\000o\000l\000o\000\040\000H\000T\000T\000P}{section.1.3}% 21
\BOOKMARK [2][-]{subsection.1.3.3}{\376\377\000\040\0001\000.\0003\000.\0003\000.\0003\000\040\000P\000r\000o\000t\000o\000c\000o\000l\000o\000\040\000T\000C\000P\000/\000I\000P}{section.1.3}% 22
\BOOKMARK [1][-]{section.1.4}{\376\377\000V\000a\000r\000i\000a\000b\000l\000e\000s\000\040\000m\000i\000c\000r\000o\000c\000l\000i\000m\000\341\000t\000i\000c\000a\000s\000\040\000r\000e\000c\000o\000m\000e\000n\000d\000a\000d\000a\000s}{chapter.1}% 23
\BOOKMARK [1][-]{section.1.5}{\376\377\000C\000o\000n\000d\000i\000c\000i\000o\000n\000e\000s\000\040\000q\000u\000e\000\040\000f\000a\000v\000o\000r\000e\000c\000e\000n\000\040\000e\000l\000\040\000a\000t\000a\000q\000u\000e\000\040\000d\000e\000\040\000l\000a\000s\000\040\000e\000s\000p\000e\000c\000i\000e\000s\000\040\000x\000i\000l\000\363\000f\000a\000g\000a\000s}{chapter.1}% 24
\BOOKMARK [2][-]{subsection.1.5.1}{\376\377\000H\000u\000m\000e\000d\000a\000d}{section.1.5}% 25
\BOOKMARK [2][-]{subsection.1.5.2}{\376\377\000T\000e\000m\000p\000e\000r\000a\000t\000u\000r\000a}{section.1.5}% 26
\BOOKMARK [1][-]{section.1.6}{\376\377\000P\000r\000i\000n\000c\000i\000p\000a\000l\000e\000s\000\040\000a\000f\000e\000c\000t\000a\000c\000i\000o\000n\000e\000s}{chapter.1}% 27
\BOOKMARK [1][-]{section.1.6}{\376\377\000C\000o\000n\000c\000l\000u\000s\000i\000o\000n\000e\000s}{chapter.1}% 28
\BOOKMARK [0][-]{chapter.2}{\376\377\000D\000i\000s\000e\000\361\000o\000\040\000e\000\040\000I\000m\000p\000l\000e\000m\000e\000n\000t\000a\000c\000i\000\363\000n\000\040\000d\000e\000l\000\040\000s\000i\000s\000t\000e\000m\000a\000\040\000b\000a\000s\000a\000d\000o\000\040\000e\000n\000\040\000I\000o\000T}{}% 29
\BOOKMARK [1][-]{section*.23}{\376\377\000I\000n\000t\000r\000o\000d\000u\000c\000c\000i\000\363\000n}{chapter.2}% 30
\BOOKMARK [1][-]{section.2.1}{\376\377\000D\000e\000s\000c\000r\000i\000p\000c\000i\000\363\000n\000\040\000d\000e\000l\000\040\000s\000i\000s\000t\000e\000m\000a}{chapter.2}% 31
\BOOKMARK [1][-]{section.2.2}{\376\377\000S\000e\000n\000s\000o\000r\000e\000s}{chapter.2}% 32
\BOOKMARK [2][-]{subsection.2.2.1}{\376\377\000S\000e\000n\000s\000o\000r\000\040\000d\000e\000\040\000t\000e\000m\000p\000e\000r\000a\000t\000u\000r\000a\000/\000h\000u\000m\000e\000d\000a\000d\000\040\000D\000H\000T\0002\0002}{section.2.2}% 33
\BOOKMARK [2][-]{subsection.2.2.2}{\376\377\000S\000e\000n\000s\000o\000r\000\040\000d\000e\000\040\000C\000O\0002\000\040\000S\000G\000P\0003\0000}{section.2.2}% 34
\BOOKMARK [2][-]{subsection.2.2.3}{\376\377\000S\000e\000n\000s\000o\000r\000\040\000d\000e\000\040\000v\000i\000b\000r\000a\000c\000i\000\363\000n\000\040\000M\0000\0001\0006\0008}{section.2.2}% 35
\BOOKMARK [2][-]{subsection.2.2.4}{\376\377\000S\000e\000n\000s\000o\000r\000\040\000d\000e\000\040\000c\000a\000l\000i\000d\000a\000d\000\040\000d\000e\000\040\000a\000i\000r\000e}{section.2.2}% 36
\BOOKMARK [2][-]{subsection.2.2.5}{\376\377\000S\000e\000n\000s\000o\000r\000\040\000L\000D\000R}{section.2.2}% 37
\BOOKMARK [2][-]{subsection.2.2.6}{\376\377\000S\000e\000n\000s\000o\000r\000\040\000d\000e\000\040\000l\000u\000z\000\040\000B\000H\0001\0007\0005\0000}{section.2.2}% 38
\BOOKMARK [2][-]{subsection.2.2.7}{\376\377\000A\000l\000i\000m\000e\000n\000t\000a\000c\000i\000\363\000n}{section.2.2}% 39
\BOOKMARK [1][-]{section.2.3}{\376\377\000C\000o\000n\000d\000i\000c\000i\000o\000n\000e\000s\000\040\000m\000e\000d\000i\000o\000a\000m\000b\000i\000e\000n\000t\000a\000l\000e\000s\000.\000.\000.}{chapter.2}% 40
\BOOKMARK [1][-]{figure.caption.37}{\376\377\000C\000o\000n\000c\000l\000u\000s\000i\000o\000n\000e\000s}{chapter.2}% 41
\BOOKMARK [1][-]{section*.38}{\376\377\000C\000O\000N\000C\000L\000U\000S\000I\000O\000N\000E\000S\000\040\000G\000E\000N\000E\000R\000A\000L\000E\000S}{chapter.2}% 42
\BOOKMARK [0][-]{section*.39}{\376\377\000R\000e\000c\000o\000m\000e\000n\000d\000a\000c\000i\000o\000n\000e\000s}{}% 43
\BOOKMARK [0][-]{section*.41}{\376\377\000A\000n\000e\000x\000o\000s}{}% 44
