This is pdfTeX, Version 3.141592653-2.6-1.40.24 (MiKTeX 22.8.28) (preloaded format=pdflatex 2022.9.11)  11 SEP 2022 16:31
entering extended mode
 restricted \write18 enabled.
 file:line:error style messages enabled.
 %&-line parsing enabled.
**"d:/AAA INFO Universidad/Tesis/Tesis/tesis.tex"
(d:/AAA INFO Universidad/Tesis/Tesis/tesis.tex
LaTeX2e <2022-06-01> patch level 5
L3 programming layer <2022-08-30> (C:\Users\Migue\AppData\Local\Programs\MiKTeX\tex/latex/base\report.cls
Document Class: report 2021/10/04 v1.4n Standard LaTeX document class
(C:\Users\Migue\AppData\Local\Programs\MiKTeX\tex/latex/base\size12.clo
File: size12.clo 2021/10/04 v1.4n Standard LaTeX file (size option)
)
\c@part=\count185
\c@chapter=\count186
\c@section=\count187
\c@subsection=\count188
\c@subsubsection=\count189
\c@paragraph=\count190
\c@subparagraph=\count191
\c@figure=\count192
\c@table=\count193
\abovecaptionskip=\skip47
\belowcaptionskip=\skip48
\bibindent=\dimen138
) (C:\Users\Migue\AppData\Local\Programs\MiKTeX\tex/generic/babel\babel.sty
Package: babel 2022/08/29 3.79 The Babel package
\babel@savecnt=\count194
\U@D=\dimen139
\l@unhyphenated=\language79
 (C:\Users\Migue\AppData\Local\Programs\MiKTeX\tex/generic/babel\txtbabel.def)
\bbl@readstream=\read2
\bbl@dirlevel=\count195

*************************************
* Local config file bblopts.cfg used
*
(C:\Users\Migue\AppData\Local\Programs\MiKTeX\tex/latex/arabi\bblopts.cfg
File: bblopts.cfg 2005/09/08 v0.1 add Arabic and Farsi to "declared" options of babel
) (C:\Users\Migue\AppData\Local\Programs\MiKTeX\tex/latex/babel-spanish\spanish.ldf
Language: spanish.ldf 2021/05/27 v5.0q Spanish support from the babel system
\es@quottoks=\toks16
\es@quotdepth=\count196
Package babel Info: Making " an active character on input line 570.
Package babel Info: Making . an active character on input line 675.
Package babel Info: Making < an active character on input line 722.
Package babel Info: Making > an active character on input line 722.
)) (C:\Users\Migue\AppData\Local\Programs\MiKTeX\tex/generic/babel/locale/es\babel-spanish.tex
Package babel Info: Importing font and identification data for spanish
(babel)             from babel-es.ini. Reported on input line 11.
) (C:\Users\Migue\AppData\Local\Programs\MiKTeX\tex/latex/multirow\multirow.sty
Package: multirow 2021/03/15 v2.8 Span multiple rows of a table
\multirow@colwidth=\skip49
\multirow@cntb=\count197
\multirow@dima=\skip50
\bigstrutjot=\dimen140
) (C:\Users\Migue\AppData\Local\Programs\MiKTeX\tex/latex/xcolor\xcolor.sty
Package: xcolor 2022/06/12 v2.14 LaTeX color extensions (UK)
 (C:\Users\Migue\AppData\Local\Programs\MiKTeX\tex/latex/graphics-cfg\color.cfg
File: color.cfg 2016/01/02 v1.6 sample color configuration
)
Package xcolor Info: Driver file: pdftex.def on input line 227.
 (C:\Users\Migue\AppData\Local\Programs\MiKTeX\tex/latex/graphics-def\pdftex.def
File: pdftex.def 2020/10/05 v1.2a Graphics/color driver for pdftex
) (C:\Users\Migue\AppData\Local\Programs\MiKTeX\tex/latex/colortbl\colortbl.sty
Package: colortbl 2022/06/20 v1.0f Color table columns (DPC)
 (C:\Users\Migue\AppData\Local\Programs\MiKTeX\tex/latex/tools\array.sty
Package: array 2021/10/04 v2.5f Tabular extension package (FMi)
\col@sep=\dimen141
\ar@mcellbox=\box51
\extrarowheight=\dimen142
\NC@list=\toks17
\extratabsurround=\skip51
\backup@length=\skip52
\ar@cellbox=\box52
)
\everycr=\toks18
\minrowclearance=\skip53
\rownum=\count198
) (C:\Users\Migue\AppData\Local\Programs\MiKTeX\tex/latex-dev/graphics\mathcolor.ltx)
Package xcolor Info: Model `cmy' substituted by `cmy0' on input line 1353.
Package xcolor Info: Model `hsb' substituted by `rgb' on input line 1357.
Package xcolor Info: Model `RGB' extended on input line 1369.
Package xcolor Info: Model `HTML' substituted by `rgb' on input line 1371.
Package xcolor Info: Model `Hsb' substituted by `hsb' on input line 1372.
Package xcolor Info: Model `tHsb' substituted by `hsb' on input line 1373.
Package xcolor Info: Model `HSB' substituted by `hsb' on input line 1374.
Package xcolor Info: Model `Gray' substituted by `gray' on input line 1375.
Package xcolor Info: Model `wave' substituted by `hsb' on input line 1376.
) (C:\Users\Migue\AppData\Local\Programs\MiKTeX\tex/latex/base\inputenc.sty
Package: inputenc 2021/02/14 v1.3d Input encoding file
\inpenc@prehook=\toks19
\inpenc@posthook=\toks20
) (C:\Users\Migue\AppData\Local\Programs\MiKTeX\tex/latex/amsmath\amsmath.sty
Package: amsmath 2022/04/08 v2.17n AMS math features
\@mathmargin=\skip54

For additional information on amsmath, use the `?' option.
(C:\Users\Migue\AppData\Local\Programs\MiKTeX\tex/latex/amsmath\amstext.sty
Package: amstext 2021/08/26 v2.01 AMS text
 (C:\Users\Migue\AppData\Local\Programs\MiKTeX\tex/latex/amsmath\amsgen.sty
File: amsgen.sty 1999/11/30 v2.0 generic functions
\@emptytoks=\toks21
\ex@=\dimen143
)) (C:\Users\Migue\AppData\Local\Programs\MiKTeX\tex/latex/amsmath\amsbsy.sty
Package: amsbsy 1999/11/29 v1.2d Bold Symbols
\pmbraise@=\dimen144
) (C:\Users\Migue\AppData\Local\Programs\MiKTeX\tex/latex/amsmath\amsopn.sty
Package: amsopn 2022/04/08 v2.04 operator names
)
\inf@bad=\count199
LaTeX Info: Redefining \frac on input line 234.
\uproot@=\count266
\leftroot@=\count267
LaTeX Info: Redefining \overline on input line 399.
LaTeX Info: Redefining \colon on input line 410.
\classnum@=\count268
\DOTSCASE@=\count269
LaTeX Info: Redefining \ldots on input line 496.
LaTeX Info: Redefining \dots on input line 499.
LaTeX Info: Redefining \cdots on input line 620.
\Mathstrutbox@=\box53
\strutbox@=\box54
LaTeX Info: Redefining \big on input line 722.
LaTeX Info: Redefining \Big on input line 723.
LaTeX Info: Redefining \bigg on input line 724.
LaTeX Info: Redefining \Bigg on input line 725.
\big@size=\dimen145
LaTeX Font Info:    Redeclaring font encoding OML on input line 743.
LaTeX Font Info:    Redeclaring font encoding OMS on input line 744.
\macc@depth=\count270
LaTeX Info: Redefining \bmod on input line 905.
LaTeX Info: Redefining \pmod on input line 910.
LaTeX Info: Redefining \smash on input line 940.
LaTeX Info: Redefining \relbar on input line 970.
LaTeX Info: Redefining \Relbar on input line 971.
\c@MaxMatrixCols=\count271
\dotsspace@=\muskip16
\c@parentequation=\count272
\dspbrk@lvl=\count273
\tag@help=\toks22
\row@=\count274
\column@=\count275
\maxfields@=\count276
\andhelp@=\toks23
\eqnshift@=\dimen146
\alignsep@=\dimen147
\tagshift@=\dimen148
\tagwidth@=\dimen149
\totwidth@=\dimen150
\lineht@=\dimen151
\@envbody=\toks24
\multlinegap=\skip55
\multlinetaggap=\skip56
\mathdisplay@stack=\toks25
LaTeX Info: Redefining \[ on input line 2953.
LaTeX Info: Redefining \] on input line 2954.
) (C:\Users\Migue\AppData\Local\Programs\MiKTeX\tex/latex/amsfonts\amsfonts.sty
Package: amsfonts 2013/01/14 v3.01 Basic AMSFonts support
\symAMSa=\mathgroup4
\symAMSb=\mathgroup5
LaTeX Font Info:    Redeclaring math symbol \hbar on input line 98.
LaTeX Font Info:    Overwriting math alphabet `\mathfrak' in version `bold'
(Font)                  U/euf/m/n --> U/euf/b/n on input line 106.
) (C:\Users\Migue\AppData\Local\Programs\MiKTeX\tex/latex/amsfonts\amssymb.sty
Package: amssymb 2013/01/14 v3.01 AMS font symbols
) (C:\Users\Migue\AppData\Local\Programs\MiKTeX\tex/latex/tocloft\tocloft.sty
Package: tocloft 2017/08/31 v2.3i parameterised ToC, etc., typesetting
Package tocloft Info: The document has chapter divisions on input line 51.
\cftparskip=\skip57
\cftbeforetoctitleskip=\skip58
\cftaftertoctitleskip=\skip59
\cftbeforepartskip=\skip60
\cftpartnumwidth=\skip61
\cftpartindent=\skip62
\cftbeforechapskip=\skip63
\cftchapindent=\skip64
\cftchapnumwidth=\skip65
\cftbeforesecskip=\skip66
\cftsecindent=\skip67
\cftsecnumwidth=\skip68
\cftbeforesubsecskip=\skip69
\cftsubsecindent=\skip70
\cftsubsecnumwidth=\skip71
\cftbeforesubsubsecskip=\skip72
\cftsubsubsecindent=\skip73
\cftsubsubsecnumwidth=\skip74
\cftbeforeparaskip=\skip75
\cftparaindent=\skip76
\cftparanumwidth=\skip77
\cftbeforesubparaskip=\skip78
\cftsubparaindent=\skip79
\cftsubparanumwidth=\skip80
\cftbeforeloftitleskip=\skip81
\cftafterloftitleskip=\skip82
\cftbeforefigskip=\skip83
\cftfigindent=\skip84
\cftfignumwidth=\skip85
\c@lofdepth=\count277
\c@lotdepth=\count278
\cftbeforelottitleskip=\skip86
\cftafterlottitleskip=\skip87
\cftbeforetabskip=\skip88
\cfttabindent=\skip89
\cfttabnumwidth=\skip90
) (C:\Users\Migue\AppData\Local\Programs\MiKTeX\tex/latex/setspace\setspace.sty
Package: setspace 2011/12/19 v6.7a set line spacing
) (C:\Users\Migue\AppData\Local\Programs\MiKTeX\tex/latex/graphics\graphicx.sty
Package: graphicx 2021/09/16 v1.2d Enhanced LaTeX Graphics (DPC,SPQR)
 (C:\Users\Migue\AppData\Local\Programs\MiKTeX\tex/latex/graphics\keyval.sty
Package: keyval 2022/05/29 v1.15 key=value parser (DPC)
\KV@toks@=\toks26
) (C:\Users\Migue\AppData\Local\Programs\MiKTeX\tex/latex/graphics\graphics.sty
Package: graphics 2022/03/10 v1.4e Standard LaTeX Graphics (DPC,SPQR)
 (C:\Users\Migue\AppData\Local\Programs\MiKTeX\tex/latex/graphics\trig.sty
Package: trig 2021/08/11 v1.11 sin cos tan (DPC)
) (C:\Users\Migue\AppData\Local\Programs\MiKTeX\tex/latex/graphics-cfg\graphics.cfg
File: graphics.cfg 2016/06/04 v1.11 sample graphics configuration
)
Package graphics Info: Driver file: pdftex.def on input line 107.
)
\Gin@req@height=\dimen152
\Gin@req@width=\dimen153
) (C:\Users\Migue\AppData\Local\Programs\MiKTeX\tex/latex/caption\caption.sty
Package: caption 2022/03/01 v3.6b Customizing captions (AR)
 (C:\Users\Migue\AppData\Local\Programs\MiKTeX\tex/latex/caption\caption3.sty
Package: caption3 2022/03/17 v2.3b caption3 kernel (AR)
\caption@tempdima=\dimen154
\captionmargin=\dimen155
\caption@leftmargin=\dimen156
\caption@rightmargin=\dimen157
\caption@width=\dimen158
\caption@indent=\dimen159
\caption@parindent=\dimen160
\caption@hangindent=\dimen161
Package caption Info: Standard document class detected.
)
\c@caption@flags=\count279
\c@continuedfloat=\count280
) (C:\Users\Migue\AppData\Local\Programs\MiKTeX\tex/latex/caption\subcaption.sty
Package: subcaption 2022/01/07 v1.5 Sub-captions (AR)
\c@subfigure=\count281
\c@subtable=\count282
) (C:\Users\Migue\AppData\Local\Programs\MiKTeX\tex/latex/tools\enumerate.sty
Package: enumerate 2015/07/23 v3.00 enumerate extensions (DPC)
\@enLab=\toks27
) (C:\Users\Migue\AppData\Local\Programs\MiKTeX\tex/latex/apacite\apacite.sty
Package: apacite 2013/07/21 v6.03 APA citation
\c@BibCnt=\count283
\bibleftmargin=\skip91
\bibindent=\skip92
\bibparsep=\skip93
\bibitemsep=\skip94
\biblabelsep=\skip95
) (C:\Users\Migue\AppData\Local\Programs\MiKTeX\tex/latex/geometry\geometry.sty
Package: geometry 2020/01/02 v5.9 Page Geometry
 (C:\Users\Migue\AppData\Local\Programs\MiKTeX\tex/generic/iftex\ifvtex.sty
Package: ifvtex 2019/10/25 v1.7 ifvtex legacy package. Use iftex instead.
 (C:\Users\Migue\AppData\Local\Programs\MiKTeX\tex/generic/iftex\iftex.sty
Package: iftex 2022/02/03 v1.0f TeX engine tests
))
\Gm@cnth=\count284
\Gm@cntv=\count285
\c@Gm@tempcnt=\count286
\Gm@bindingoffset=\dimen162
\Gm@wd@mp=\dimen163
\Gm@odd@mp=\dimen164
\Gm@even@mp=\dimen165
\Gm@layoutwidth=\dimen166
\Gm@layoutheight=\dimen167
\Gm@layouthoffset=\dimen168
\Gm@layoutvoffset=\dimen169
\Gm@dimlist=\toks28
 (C:\Users\Migue\AppData\Local\Programs\MiKTeX\tex/latex/geometry\geometry.cfg)) (C:\Users\Migue\AppData\Local\Programs\MiKTeX\tex/latex/float\float.sty
Package: float 2001/11/08 v1.3d Float enhancements (AL)
\c@float@type=\count287
\float@exts=\toks29
\float@box=\box55
\@float@everytoks=\toks30
\@floatcapt=\box56
) (C:\Users\Migue\AppData\Local\Programs\MiKTeX\tex/latex/anysize\anysize.sty
Package: anysize 1994/08/13 setting margin sizes

document style option `anysize' loaded
Michael Salzenberg, Thomas Esser, Dirk Hillbrecht
Version 1.0, Aug 13, 1994
\@Leftmargin=\dimen170
\@Rightmargin=\dimen171
\@Topmargin=\dimen172
\@Bottommargin=\dimen173
) (C:\Users\Migue\AppData\Local\Programs\MiKTeX\tex/latex/wrapfig\wrapfig.sty
\wrapoverhang=\dimen174
\WF@size=\dimen175
\c@WF@wrappedlines=\count288
\WF@box=\box57
\WF@everypar=\toks31
Package: wrapfig 2003/01/31  v 3.6
) (C:\Users\Migue\AppData\Local\Programs\MiKTeX\tex/latex/base\fontenc.sty
Package: fontenc 2021/04/29 v2.0v Standard LaTeX package
) (C:\Users\Migue\AppData\Local\Programs\MiKTeX\tex/latex/arial\uarial.sty
Package: uarial 2006/03/21 1.0 (WaS)
)
LaTeX Font Info:    Trying to load font information for T1+ua1 on input line 40.
 (C:\Users\Migue\AppData\Local\Programs\MiKTeX\tex/latex/arial\t1ua1.fd
File: t1ua1.fd 2006/03/21 Fontinst v1.928 font definitions for T1/ua1.
)
LaTeX Font Info:    Font shape `T1/ua1/m/n' will be
(Font)              scaled to size 11.39996pt on input line 40.
 (C:\Users\Migue\AppData\Local\Programs\MiKTeX\tex/latex/l3backend\l3backend-pdftex.def
File: l3backend-pdftex.def 2022-08-30 L3 backend support: PDF output (pdfTeX)
\l__color_backend_stack_int=\count289
\l__pdf_internal_box=\box58
) (tesis.aux (caratula.aux)
LaTeX Info: Redefining \. on input line 9.
LaTeX Info: Redefining \% on input line 9.
 (capitulos/carátula2.aux) (capitulos/pagina_firmas.aux) (capitulos/dedicatoria.aux) (capitulos/agradecimientos.aux) (capitulos/listado.aux) (capitulos/indice2.aux) (capitulos/indice3.aux) (capitulos/resumen.aux) (capitulos/abstract.aux) (capitulos/indice.aux) (capitulos/introduccion.aux) (capitulos/capitulo1.aux) (capitulos/capitulo2.aux) (capitulos/conclusiones.aux) (capitulos/recomendaciones.aux) (capitulos/apendix.aux) (capitulos/bibliografia.aux))
\openout1 = `tesis.aux'.

LaTeX Font Info:    Checking defaults for OML/cmm/m/it on input line 40.
LaTeX Font Info:    ... okay on input line 40.
LaTeX Font Info:    Checking defaults for OMS/cmsy/m/n on input line 40.
LaTeX Font Info:    ... okay on input line 40.
LaTeX Font Info:    Checking defaults for OT1/cmr/m/n on input line 40.
LaTeX Font Info:    ... okay on input line 40.
LaTeX Font Info:    Checking defaults for T1/cmr/m/n on input line 40.
LaTeX Font Info:    ... okay on input line 40.
LaTeX Font Info:    Checking defaults for TS1/cmr/m/n on input line 40.
LaTeX Font Info:    ... okay on input line 40.
LaTeX Font Info:    Checking defaults for OMX/cmex/m/n on input line 40.
LaTeX Font Info:    ... okay on input line 40.
LaTeX Font Info:    Checking defaults for U/cmr/m/n on input line 40.
LaTeX Font Info:    ... okay on input line 40.
LaTeX Info: Redefining \. on input line 40.
LaTeX Info: Redefining \% on input line 40.
 (C:\Users\Migue\AppData\Local\Programs\MiKTeX\tex/context/base/mkii\supp-pdf.mkii
[Loading MPS to PDF converter (version 2006.09.02).]
\scratchcounter=\count290
\scratchdimen=\dimen176
\scratchbox=\box59
\nofMPsegments=\count291
\nofMParguments=\count292
\everyMPshowfont=\toks32
\MPscratchCnt=\count293
\MPscratchDim=\dimen177
\MPnumerator=\count294
\makeMPintoPDFobject=\count295
\everyMPtoPDFconversion=\toks33
) (C:\Users\Migue\AppData\Local\Programs\MiKTeX\tex/latex/epstopdf-pkg\epstopdf-base.sty
Package: epstopdf-base 2020-01-24 v2.11 Base part for package epstopdf
 (C:\Users\Migue\AppData\Local\Programs\MiKTeX\tex/generic/infwarerr\infwarerr.sty
Package: infwarerr 2019/12/03 v1.5 Providing info/warning/error messages (HO)
) (C:\Users\Migue\AppData\Local\Programs\MiKTeX\tex/latex/grfext\grfext.sty
Package: grfext 2019/12/03 v1.3 Manage graphics extensions (HO)
 (C:\Users\Migue\AppData\Local\Programs\MiKTeX\tex/generic/kvdefinekeys\kvdefinekeys.sty
Package: kvdefinekeys 2019-12-19 v1.6 Define keys (HO)
)) (C:\Users\Migue\AppData\Local\Programs\MiKTeX\tex/latex/kvoptions\kvoptions.sty
Package: kvoptions 2022-06-15 v3.15 Key value format for package options (HO)
 (C:\Users\Migue\AppData\Local\Programs\MiKTeX\tex/generic/ltxcmds\ltxcmds.sty
Package: ltxcmds 2020-05-10 v1.25 LaTeX kernel commands for general use (HO)
) (C:\Users\Migue\AppData\Local\Programs\MiKTeX\tex/generic/kvsetkeys\kvsetkeys.sty
Package: kvsetkeys 2019/12/15 v1.18 Key value parser (HO)
)) (C:\Users\Migue\AppData\Local\Programs\MiKTeX\tex/generic/pdftexcmds\pdftexcmds.sty
Package: pdftexcmds 2020-06-27 v0.33 Utility functions of pdfTeX for LuaTeX (HO)
Package pdftexcmds Info: \pdf@primitive is available.
Package pdftexcmds Info: \pdf@ifprimitive is available.
Package pdftexcmds Info: \pdfdraftmode found.
)
Package epstopdf-base Info: Redefining graphics rule for `.eps' on input line 485.
Package grfext Info: Graphics extension search list:
(grfext)             [.pdf,.png,.jpg,.mps,.jpeg,.jbig2,.jb2,.PDF,.PNG,.JPG,.JPEG,.JBIG2,.JB2,.eps]
(grfext)             \AppendGraphicsExtensions on input line 504.
 (C:\Users\Migue\AppData\Local\Programs\MiKTeX\tex/latex/00miktex\epstopdf-sys.cfg
File: epstopdf-sys.cfg 2021/03/18 v2.0 Configuration of epstopdf for MiKTeX
))
Package caption Info: Begin \AtBeginDocument code.
Package caption Info: float package is loaded.
Package caption Info: wrapfig package is loaded.
Package caption Info: End \AtBeginDocument code.
\c@maskedRefs=\count296
 (C:\Users\Migue\AppData\Local\Programs\MiKTeX\tex/latex/apacite\spanish.apc
File: spanish.apc 2013/07/21 v6.03 apacite language file
LaTeX Info: Redefining \BPBI on input line 138.
LaTeX Info: Redefining \BHBI on input line 139.
)
*geometry* driver: auto-detecting
*geometry* detected driver: pdftex
*geometry* verbose mode - [ preamble ] result:
* driver: pdftex
* paper: a4paper
* layout: <same size as paper>
* layoutoffset:(h,v)=(0.0pt,0.0pt)
* modes: 
* h-part:(L,W,R)=(89.62709pt, 418.25368pt, 89.6271pt)
* v-part:(T,H,B)=(101.40665pt, 591.5302pt, 152.11pt)
* \paperwidth=597.50787pt
* \paperheight=845.04684pt
* \textwidth=455.24411pt
* \textheight=664.23584pt
* \oddsidemargin=13.08827pt
* \evensidemargin=-15.36449pt
* \topmargin=-15.36449pt
* \headheight=12.0pt
* \headsep=25.0pt
* \topskip=12.0pt
* \footskip=30.0pt
* \marginparwidth=35.0pt
* \marginparsep=10.0pt
* \columnsep=10.0pt
* \skip\footins=10.8pt plus 4.0pt minus 2.0pt
* \hoffset=0.0pt
* \voffset=0.0pt
* \mag=1000
* \@twocolumnfalse
* \@twosidefalse
* \@mparswitchfalse
* \@reversemarginfalse
* (1in=72.27pt=25.4mm, 1cm=28.453pt)

\openout2 = `caratula.aux'.

(caratula.tex
<imagenes/a1.jpg, id=1, 361.35pt x 544.434pt>
File: imagenes/a1.jpg Graphic file (type jpg)
<use imagenes/a1.jpg>
Package pdftex.def Info: imagenes/a1.jpg  used on input line 10.
(pdftex.def)             Requested size: 227.62413pt x 569.11389pt.
) [0


 <./imagenes/a1.jpg>]
\openout2 = `capitulos/carátula2.aux'.

 (capitulos/carátula2.tex
<imagenes/identidad en blanco y negro.jpg, id=6, 383.18156pt x 48.18pt>
File: imagenes/identidad en blanco y negro.jpg Graphic file (type jpg)
<use imagenes/identidad en blanco y negro.jpg>
Package pdftex.def Info: imagenes/identidad en blanco y negro.jpg  used on input line 7.
(pdftex.def)             Requested size: 426.81581pt x 56.90553pt.
<imagenes/trabajo de diploma.jpg, id=7, 335.00156pt x 29.35968pt>
File: imagenes/trabajo de diploma.jpg Graphic file (type jpg)
<use imagenes/trabajo de diploma.jpg>
Package pdftex.def Info: imagenes/trabajo de diploma.jpg  used on input line 14.
(pdftex.def)             Requested size: 398.33476pt x 42.67928pt.
LaTeX Font Info:    Font shape `T1/ua1/b/n' will be
(Font)              scaled to size 11.39996pt on input line 22.
LaTeX Font Info:    Font shape `T1/ua1/b/n' will be
(Font)              scaled to size 13.67995pt on input line 22.
) [1



{C:/Users/Migue/AppData/Local/MiKTeX/fonts/map/pdftex/pdftex.map} <./imagenes/identidad en blanco y negro.jpg> <./imagenes/trabajo de diploma.jpg>]
\openout2 = `capitulos/pagina_firmas.aux'.

 (capitulos/pagina_firmas.tex
File: imagenes/identidad en blanco y negro.jpg Graphic file (type jpg)
<use imagenes/identidad en blanco y negro.jpg>
Package pdftex.def Info: imagenes/identidad en blanco y negro.jpg  used on input line 5.
(pdftex.def)             Requested size: 426.81581pt x 56.90553pt.

Underfull \hbox (badness 10000) in paragraph at lines 10--11

 []


Underfull \hbox (badness 10000) in paragraph at lines 15--17

 []


Underfull \hbox (badness 10000) in paragraph at lines 18--19

 []


Underfull \hbox (badness 10000) in paragraph at lines 23--25

 []

) [2



]
\openout2 = `capitulos/dedicatoria.aux'.

 (capitulos/dedicatoria.tex
LaTeX Font Info:    Font shape `T1/ua1/m/n' will be
(Font)              scaled to size 16.41594pt on input line 1.
LaTeX Font Info:    Font shape `T1/ua1/b/n' will be
(Font)              scaled to size 16.41594pt on input line 1.
LaTeX Font Info:    Font shape `T1/ua1/m/it' will be
(Font)              scaled to size 11.39996pt on input line 11.
) [3



]
\openout2 = `capitulos/agradecimientos.aux'.

 (capitulos/agradecimientos.tex) [4



]
\openout2 = `capitulos/listado.aux'.

 (capitulos/listado.tex
Underfull \hbox (badness 10000) in paragraph at lines 3--4

 []

) [1



]
\openout2 = `capitulos/indice2.aux'.

 (capitulos/indice2.tex
LaTeX Font Info:    Font shape `T1/ua1/m/n' will be
(Font)              scaled to size 23.63593pt on input line 1.
LaTeX Font Info:    Font shape `T1/ua1/b/n' will be
(Font)              scaled to size 23.63593pt on input line 1.
 (tesis.lof
LaTeX Info: Redefining \. on input line 1.
LaTeX Info: Redefining \% on input line 1.
LaTeX Font Info:    Trying to load font information for U+msa on input line 3.
 (C:\Users\Migue\AppData\Local\Programs\MiKTeX\tex/latex/amsfonts\umsa.fd
File: umsa.fd 2013/01/14 v3.01 AMS symbols A
)
LaTeX Font Info:    Trying to load font information for U+msb on input line 3.
 (C:\Users\Migue\AppData\Local\Programs\MiKTeX\tex/latex/amsfonts\umsb.fd
File: umsb.fd 2013/01/14 v3.01 AMS symbols B
))
\tf@lof=\write3
\openout3 = `tesis.lof'.

) [2



]
\openout2 = `capitulos/indice3.aux'.

 (capitulos/indice3.tex (tesis.lot
LaTeX Info: Redefining \. on input line 1.
LaTeX Info: Redefining \% on input line 1.
)
\tf@lot=\write4
\openout4 = `tesis.lot'.

) [3



]
\openout2 = `capitulos/resumen.aux'.

 (capitulos/resumen.tex
Underfull \hbox (badness 10000) in paragraph at lines 6--8

 []

) [4



]
\openout2 = `capitulos/abstract.aux'.

 (capitulos/abstract.tex
Underfull \hbox (badness 10000) in paragraph at lines 6--8

 []

) [5



]
\openout2 = `capitulos/indice.aux'.

 (capitulos/indice.tex (tesis.toc
LaTeX Info: Redefining \. on input line 1.
LaTeX Info: Redefining \% on input line 1.
 [0



])
\tf@toc=\write5
\openout5 = `tesis.toc'.

) [1]
\openout2 = `capitulos/introduccion.aux'.

 (capitulos/introduccion.tex
LaTeX Font Info:    Font shape `T1/ua1/b/n' will be
(Font)              scaled to size 19.70294pt on input line 3.

Underfull \hbox (badness 10000) in paragraph at lines 10--11

 []


Underfull \hbox (badness 10000) in paragraph at lines 12--13

 []


Underfull \hbox (badness 10000) in paragraph at lines 14--15

 []


Underfull \hbox (badness 10000) in paragraph at lines 16--17

 []


Underfull \hbox (badness 10000) in paragraph at lines 18--19

 []


Underfull \hbox (badness 10000) in paragraph at lines 20--21

 []

[1



]
Underfull \hbox (badness 10000) in paragraph at lines 22--23

 []


Underfull \hbox (badness 10000) in paragraph at lines 24--25

 []


Underfull \hbox (badness 10000) in paragraph at lines 26--27

 []

[2]
Underfull \hbox (badness 10000) in paragraph at lines 30--31

 []


Underfull \hbox (badness 10000) in paragraph at lines 40--41

 []

) [3]
\openout2 = `capitulos/capitulo1.aux'.

 (capitulos/capitulo1.tex
Cap\'{\i }tulo 1.

Underfull \hbox (badness 10000) in paragraph at lines 4--5

 []

LaTeX Font Info:    Trying to load font information for TS1+ua1 on input line 12.
(C:\Users\Migue\AppData\Local\Programs\MiKTeX\tex/latex/arial\ts1ua1.fd
File: ts1ua1.fd 2006/03/21 Fontinst v1.928 font definitions for TS1/ua1.
)
LaTeX Font Info:    Font shape `TS1/ua1/m/n' will be
(Font)              scaled to size 11.39996pt on input line 12.

Underfull \hbox (badness 10000) in paragraph at lines 12--13

 []

[4




]
LaTeX Font Info:    Font shape `T1/ua1/m/n' will be
(Font)              scaled to size 7.59998pt on input line 14.
LaTeX Font Info:    Font shape `T1/ua1/m/n' will be
(Font)              scaled to size 9.49997pt on input line 14.
LaTeX Font Info:    Font shape `T1/ua1/m/n' will be
(Font)              scaled to size 6.64998pt on input line 14.

Underfull \hbox (badness 10000) in paragraph at lines 14--15

 []


Underfull \hbox (badness 10000) in paragraph at lines 16--17

 []


Underfull \hbox (badness 10000) in paragraph at lines 18--19

 []


Underfull \hbox (badness 10000) in paragraph at lines 20--21

 []

[5]
Underfull \hbox (badness 10000) in paragraph at lines 22--23

 []


Overfull \hbox (6.274pt too wide) in paragraph at lines 28--39
 [][] 
 []


LaTeX Warning: `h' float specifier changed to `ht'.


Overfull \hbox (5.9889pt too wide) in paragraph at lines 45--52
 [][] 
 []


Package caption Warning: \captionsetup{subtype*=...} or \subcaptionof
(caption)                outside box or environment on input line 53.
See the caption package documentation for explanation.


Package caption Warning: \subcaption
(caption)                outside box or environment on input line 53.
See the caption package documentation for explanation.

LaTeX Font Info:    Font shape `T1/ua1/m/n' will be
(Font)              scaled to size 10.40245pt on input line 53.

LaTeX Warning: `h' float specifier changed to `ht'.


Underfull \hbox (badness 10000) in paragraph at lines 60--61

 []


Underfull \hbox (badness 10000) in paragraph at lines 62--63

 []

[6]
Underfull \hbox (badness 10000) in paragraph at lines 64--65

 []

[7]
Underfull \hbox (badness 10000) in paragraph at lines 66--67

 []


Underfull \hbox (badness 10000) in paragraph at lines 77--78

 []

[8]
<imagenes/Comparacion-arquitecturas-1024x535.png, id=71, 1027.84pt x 537.00626pt>
File: imagenes/Comparacion-arquitecturas-1024x535.png Graphic file (type png)
<use imagenes/Comparacion-arquitecturas-1024x535.png>
Package pdftex.def Info: imagenes/Comparacion-arquitecturas-1024x535.png  used on input line 81.
(pdftex.def)             Requested size: 256.0654pt x 142.265pt.


Package caption Warning: \captionsetup{subtype*=...} or \subcaptionof
(caption)                outside box or environment on input line 83.
See the caption package documentation for explanation.


Package caption Warning: \subcaption
(caption)                outside box or environment on input line 83.
See the caption package documentation for explanation.


Underfull \hbox (badness 10000) in paragraph at lines 87--88

 []


Underfull \hbox (badness 10000) in paragraph at lines 87--88

 []


Underfull \hbox (badness 10000) in paragraph at lines 97--98

 []

[9 <./imagenes/Comparacion-arquitecturas-1024x535.png>]
Underfull \hbox (badness 10000) in paragraph at lines 99--100

 []

<imagenes/capas.jpg, id=77, 2150.78531pt x 1331.72531pt>
File: imagenes/capas.jpg Graphic file (type jpg)
<use imagenes/capas.jpg>
Package pdftex.def Info: imagenes/capas.jpg  used on input line 105.
(pdftex.def)             Requested size: 443.8675pt x 256.05818pt.

Package caption Warning: \captionsetup{subtype*=...} or \subcaptionof
(caption)                outside box or environment on input line 107.
See the caption package documentation for explanation.


Package caption Warning: \subcaption
(caption)                outside box or environment on input line 107.
See the caption package documentation for explanation.


Package caption Warning: \captionsetup{subtype*=...} or \subcaptionof
(caption)                outside box or environment on input line 125.
See the caption package documentation for explanation.


Package caption Warning: \subcaption
(caption)                outside box or environment on input line 125.
See the caption package documentation for explanation.


LaTeX Warning: `h' float specifier changed to `ht'.


Package caption Warning: \captionsetup{subtype*=...} or \subcaptionof
(caption)                outside box or environment on input line 148.
See the caption package documentation for explanation.


Package caption Warning: \subcaption
(caption)                outside box or environment on input line 148.
See the caption package documentation for explanation.


LaTeX Warning: `h' float specifier changed to `ht'.

[10 <./imagenes/capas.jpg>] [11]
LaTeX Font Info:    Font shape `T1/ua1/m/n' will be
(Font)              scaled to size 13.67995pt on input line 168.

Underfull \hbox (badness 10000) in paragraph at lines 170--171

 []

[12]
Underfull \hbox (badness 10000) in paragraph at lines 175--176

 []

<imagenes/myArquitecture2.jpg, id=87, 588.69937pt x 307.90031pt>
File: imagenes/myArquitecture2.jpg Graphic file (type jpg)
<use imagenes/myArquitecture2.jpg>
Package pdftex.def Info: imagenes/myArquitecture2.jpg  used on input line 179.
(pdftex.def)             Requested size: 256.07317pt x 125.19225pt.

Package caption Warning: \captionsetup{subtype*=...} or \subcaptionof
(caption)                outside box or environment on input line 181.
See the caption package documentation for explanation.


Package caption Warning: \subcaption
(caption)                outside box or environment on input line 181.
See the caption package documentation for explanation.

[13 <./imagenes/myArquitecture2.jpg>]
<imagenes/vista de implementación.jpg, id=92, 344.03531pt x 268.00125pt>
File: imagenes/vista de implementación.jpg Graphic file (type jpg)
<use imagenes/vista de implementación.jpg>
Package pdftex.def Info: imagenes/vista de implementación.jpg  used on input line 194.
(pdftex.def)             Requested size: 227.62045pt x 153.6415pt.


Package caption Warning: \captionsetup{subtype*=...} or \subcaptionof
(caption)                outside box or environment on input line 196.
See the caption package documentation for explanation.


Package caption Warning: \subcaption
(caption)                outside box or environment on input line 196.
See the caption package documentation for explanation.


Underfull \hbox (badness 10000) in paragraph at lines 203--204

 []

<imagenes/perception_image.jpg, id=93, 908.39375pt x 483.8075pt>
File: imagenes/perception_image.jpg Graphic file (type jpg)
<use imagenes/perception_image.jpg>
Package pdftex.def Info: imagenes/perception_image.jpg  used on input line 207.
(pdftex.def)             Requested size: 284.52382pt x 142.26427pt.

Package caption Warning: \captionsetup{subtype*=...} or \subcaptionof
(caption)                outside box or environment on input line 209.
See the caption package documentation for explanation.


Package caption Warning: \subcaption
(caption)                outside box or environment on input line 209.
See the caption package documentation for explanation.


LaTeX Warning: `h' float specifier changed to `ht'.


Underfull \hbox (badness 10000) in paragraph at lines 213--214

 []


Underfull \hbox (badness 10000) in paragraph at lines 216--224

 []

[14 <./imagenes/vista de implementación.jpg>]
Underfull \hbox (badness 10000) in paragraph at lines 227--228

 []

[15 <./imagenes/perception_image.jpg>]
<imagenes/formas expositivas.jpg, id=100, 362.85562pt x 218.31563pt>
File: imagenes/formas expositivas.jpg Graphic file (type jpg)
<use imagenes/formas expositivas.jpg>
Package pdftex.def Info: imagenes/formas expositivas.jpg  used on input line 231.
(pdftex.def)             Requested size: 284.53223pt x 170.71521pt.


Package caption Warning: \captionsetup{subtype*=...} or \subcaptionof
(caption)                outside box or environment on input line 233.
See the caption package documentation for explanation.


Package caption Warning: \subcaption
(caption)                outside box or environment on input line 233.
See the caption package documentation for explanation.


Underfull \hbox (badness 10000) in paragraph at lines 237--238

 []


Underfull \hbox (badness 10000) in paragraph at lines 242--244

 []


Underfull \hbox (badness 10000) in paragraph at lines 242--244

 []


Underfull \hbox (badness 10000) in paragraph at lines 242--244

 []


Underfull \hbox (badness 10000) in paragraph at lines 242--244

 []

[16 <./imagenes/formas expositivas.jpg>]

Package caption Warning: \captionsetup{subtype*=...} or \subcaptionof
(caption)                outside box or environment on input line 271.
See the caption package documentation for explanation.


Package caption Warning: \subcaption
(caption)                outside box or environment on input line 271.
See the caption package documentation for explanation.

[17]
Underfull \hbox (badness 10000) in paragraph at lines 280--281

 []


Underfull \hbox (badness 10000) in paragraph at lines 280--281

 []


Underfull \hbox (badness 10000) in paragraph at lines 285--288

 []

[18]
Underfull \hbox (badness 10000) in paragraph at lines 316--317

 []

[19]
<imagenes/gráfica_comparativa_variables_medioambientales.png, id=114, 623.32875pt x 200.24812pt>
File: imagenes/gráfica_comparativa_variables_medioambientales.png Graphic file (type png)
<use imagenes/gráfica_comparativa_variables_medioambientales.png>
Package pdftex.def Info: imagenes/gráfica_comparativa_variables_medioambientales.png  used on input line 325.
(pdftex.def)             Requested size: 455.25447pt x 142.27188pt.


Package caption Warning: \captionsetup{subtype*=...} or \subcaptionof
(caption)                outside box or environment on input line 327.
See the caption package documentation for explanation.


Package caption Warning: \subcaption
(caption)                outside box or environment on input line 327.
See the caption package documentation for explanation.

)
Underfull \hbox (badness 10000) in paragraph at lines 336--87

 []

[20 <./imagenes/gráfica_comparativa_variables_medioambientales.png>]
\openout2 = `capitulos/capitulo2.aux'.

 (capitulos/capitulo2.tex
Cap\'{\i }tulo 2.

Underfull \hbox (badness 10000) in paragraph at lines 9--11

 []

<imagenes/vista 3D.jpg, id=118, 1191.45125pt x 762.85pt>
File: imagenes/vista 3D.jpg Graphic file (type jpg)
<use imagenes/vista 3D.jpg>
Package pdftex.def Info: imagenes/vista 3D.jpg  used on input line 17.
(pdftex.def)             Requested size: 170.71074pt x 113.80563pt.

Package caption Warning: \captionsetup{subtype*=...} or \subcaptionof
(caption)                outside box or environment on input line 19.
See the caption package documentation for explanation.


Package caption Warning: \subcaption
(caption)                outside box or environment on input line 19.
See the caption package documentation for explanation.


LaTeX Warning: `h' float specifier changed to `ht'.

<imagenes/esquematico nodo.jpg, id=119, 967.615pt x 662.475pt>
File: imagenes/esquematico nodo.jpg Graphic file (type jpg)
<use imagenes/esquematico nodo.jpg>
Package pdftex.def Info: imagenes/esquematico nodo.jpg  used on input line 25.
(pdftex.def)             Requested size: 341.4313pt x 227.61403pt.

Package caption Warning: \captionsetup{subtype*=...} or \subcaptionof
(caption)                outside box or environment on input line 27.
See the caption package documentation for explanation.


Package caption Warning: \subcaption
(caption)                outside box or environment on input line 27.
See the caption package documentation for explanation.


LaTeX Warning: `h' float specifier changed to `ht'.


Underfull \hbox (badness 10000) in paragraph at lines 36--37

 []

[21




] [22 <./imagenes/vista 3D.jpg> <./imagenes/esquematico nodo.jpg>]
Underfull \hbox (badness 10000) in paragraph at lines 60--63

 []

<imagenes/esp-12F.jpeg, id=126, 179.16937pt x 152.06813pt>
File: imagenes/esp-12F.jpeg Graphic file (type jpg)
<use imagenes/esp-12F.jpeg>
Package pdftex.def Info: imagenes/esp-12F.jpeg  used on input line 68.
(pdftex.def)             Requested size: 113.81229pt x 113.81413pt.
[23 <./imagenes/esp-12F.jpeg>]
<imagenes/esp-12F especificaciones.jpg, id=130, 342.5297pt x 462.97969pt>
File: imagenes/esp-12F especificaciones.jpg Graphic file (type jpg)
<use imagenes/esp-12F especificaciones.jpg>
Package pdftex.def Info: imagenes/esp-12F especificaciones.jpg  used on input line 94.
(pdftex.def)             Requested size: 284.55045pt x 369.88972pt.


Package caption Warning: \captionsetup{subtype*=...} or \subcaptionof
(caption)                outside box or environment on input line 96.
See the caption package documentation for explanation.


Package caption Warning: \subcaption
(caption)                outside box or environment on input line 96.
See the caption package documentation for explanation.


LaTeX Warning: `h' float specifier changed to `ht'.

<imagenes/esp-12F pinout.jpg, id=131, 395.22656pt x 254.45062pt>
File: imagenes/esp-12F pinout.jpg Graphic file (type jpg)
<use imagenes/esp-12F pinout.jpg>
Package pdftex.def Info: imagenes/esp-12F pinout.jpg  used on input line 103.
(pdftex.def)             Requested size: 170.71602pt x 113.81061pt.

Package caption Warning: \captionsetup{subtype*=...} or \subcaptionof
(caption)                outside box or environment on input line 105.
See the caption package documentation for explanation.


Package caption Warning: \subcaption
(caption)                outside box or environment on input line 105.
See the caption package documentation for explanation.


LaTeX Warning: `h' float specifier changed to `ht'.

<imagenes/esp-12F dimensiones.jpg, id=132, 491.58656pt x 365.11406pt>
File: imagenes/esp-12F dimensiones.jpg Graphic file (type jpg)
<use imagenes/esp-12F dimensiones.jpg>
Package pdftex.def Info: imagenes/esp-12F dimensiones.jpg  used on input line 111.
(pdftex.def)             Requested size: 284.53532pt x 199.16985pt.

Package caption Warning: \captionsetup{subtype*=...} or \subcaptionof
(caption)                outside box or environment on input line 113.
See the caption package documentation for explanation.


Package caption Warning: \subcaption
(caption)                outside box or environment on input line 113.
See the caption package documentation for explanation.


LaTeX Warning: `h' float specifier changed to `ht'.

[24]
Overfull \hbox (23.55522pt too wide) in paragraph at lines 166--179
 [][] 
 []


Package caption Warning: \captionsetup{subtype*=...} or \subcaptionof
(caption)                outside box or environment on input line 180.
See the caption package documentation for explanation.


Package caption Warning: \subcaption
(caption)                outside box or environment on input line 180.
See the caption package documentation for explanation.


LaTeX Warning: `h' float specifier changed to `ht'.


Underfull \hbox (badness 10000) in paragraph at lines 184--185

 []


Package caption Warning: \captionsetup{subtype*=...} or \subcaptionof
(caption)                outside box or environment on input line 199.
See the caption package documentation for explanation.


Package caption Warning: \subcaption
(caption)                outside box or environment on input line 199.
See the caption package documentation for explanation.


LaTeX Warning: `h' float specifier changed to `ht'.

<imagenes/dht22.jpg, id=136, 459.7175pt x 459.7175pt>
File: imagenes/dht22.jpg Graphic file (type jpg)
<use imagenes/dht22.jpg>
Package pdftex.def Info: imagenes/dht22.jpg  used on input line 210.
(pdftex.def)             Requested size: 142.26543pt x 142.26543pt.

Package caption Warning: \captionsetup{subtype*=...} or \subcaptionof
(caption)                outside box or environment on input line 212.
See the caption package documentation for explanation.


Package caption Warning: \subcaption
(caption)                outside box or environment on input line 212.
See the caption package documentation for explanation.

[25 <./imagenes/esp-12F especificaciones.jpg>]

LaTeX Warning: `h' float specifier changed to `ht'.


Underfull \hbox (badness 10000) in paragraph at lines 216--217

 []

<imagenes/dht22 dimensiones.jpg, id=141, 377.15906pt x 317.68687pt>
File: imagenes/dht22 dimensiones.jpg Graphic file (type jpg)
<use imagenes/dht22 dimensiones.jpg>
Package pdftex.def Info: imagenes/dht22 dimensiones.jpg  used on input line 220.
(pdftex.def)             Requested size: 227.62082pt x 170.71942pt.

Package caption Warning: \captionsetup{subtype*=...} or \subcaptionof
(caption)                outside box or environment on input line 222.
See the caption package documentation for explanation.


Package caption Warning: \subcaption
(caption)                outside box or environment on input line 222.
See the caption package documentation for explanation.


LaTeX Warning: `h' float specifier changed to `ht'.

<imagenes/mh-z19c.png, id=142, 347.79938pt x 225.09094pt>
File: imagenes/mh-z19c.png Graphic file (type png)
<use imagenes/mh-z19c.png>
Package pdftex.def Info: imagenes/mh-z19c.png  used on input line 233.
(pdftex.def)             Requested size: 142.26433pt x 85.35684pt.

LaTeX Warning: `h' float specifier changed to `ht'.


Underfull \hbox (badness 10000) in paragraph at lines 238--239

 []


Underfull \hbox (badness 10000) in paragraph at lines 238--239

 []

[26 <./imagenes/esp-12F pinout.jpg> <./imagenes/esp-12F dimensiones.jpg>] [27]
<imagenes/sensor-piezoelectrico.jpg, id=149, 286.06876pt x 190.46156pt>
File: imagenes/sensor-piezoelectrico.jpg Graphic file (type jpg)
<use imagenes/sensor-piezoelectrico.jpg>
Package pdftex.def Info: imagenes/sensor-piezoelectrico.jpg  used on input line 257.
(pdftex.def)             Requested size: 184.94289pt x 142.26746pt.


LaTeX Warning: `h' float specifier changed to `ht'.


Underfull \hbox (badness 10000) in paragraph at lines 262--263

 []

[28 <./imagenes/dht22.jpg> <./imagenes/dht22 dimensiones.jpg>]
<imagenes/Sensor SDS011.jpg, id=153, 416.55624pt x 451.6875pt>
File: imagenes/Sensor SDS011.jpg Graphic file (type jpg)
<use imagenes/Sensor SDS011.jpg>
Package pdftex.def Info: imagenes/Sensor SDS011.jpg  used on input line 281.
(pdftex.def)             Requested size: 128.03784pt x 128.03615pt.

Underfull \hbox (badness 10000) in paragraph at lines 286--287

 []

[29 <./imagenes/mh-z19c.png> <./imagenes/sensor-piezoelectrico.jpg> <./imagenes/Sensor SDS011.jpg>]
Underfull \hbox (badness 10000) in paragraph at lines 301--302

 []

<imagenes/sensor LDR.png, id=157, 1479.5275pt x 1100.11pt>
File: imagenes/sensor LDR.png Graphic file (type png)
<use imagenes/sensor LDR.png>
Package pdftex.def Info: imagenes/sensor LDR.png  used on input line 305.
(pdftex.def)             Requested size: 156.47247pt x 113.81114pt.

Underfull \hbox (badness 10000) in paragraph at lines 310--311

 []

[30 <./imagenes/sensor LDR.png>]
<imagenes/ldr.jpg, id=162, 237.13594pt x 204.765pt>
File: imagenes/ldr.jpg Graphic file (type jpg)
<use imagenes/ldr.jpg>
Package pdftex.def Info: imagenes/ldr.jpg  used on input line 314.
(pdftex.def)             Requested size: 128.04063pt x 113.81462pt.


Package caption Warning: \captionsetup{subtype*=...} or \subcaptionof
(caption)                outside box or environment on input line 316.
See the caption package documentation for explanation.


Package caption Warning: \subcaption
(caption)                outside box or environment on input line 316.
See the caption package documentation for explanation.


Underfull \hbox (badness 10000) in paragraph at lines 323--324

 []


Underfull \hbox (badness 10000) in paragraph at lines 325--326

 []

<imagenes/Sensor BH1750.jpg, id=163, 1505.625pt x 1505.625pt>
File: imagenes/Sensor BH1750.jpg Graphic file (type jpg)
<use imagenes/Sensor BH1750.jpg>
Package pdftex.def Info: imagenes/Sensor BH1750.jpg  used on input line 329.
(pdftex.def)             Requested size: 142.25475pt x 113.79001pt.
[31 <./imagenes/ldr.jpg> <./imagenes/Sensor BH1750.jpg>]
<imagenes/acondicionamientos sensor BH1750.jpg, id=168, 527.72156pt x 293.59688pt>
File: imagenes/acondicionamientos sensor BH1750.jpg Graphic file (type jpg)
<use imagenes/acondicionamientos sensor BH1750.jpg>
Package pdftex.def Info: imagenes/acondicionamientos sensor BH1750.jpg  used on input line 347.
(pdftex.def)             Requested size: 312.9796pt x 199.16835pt.


Package caption Warning: \captionsetup{subtype*=...} or \subcaptionof
(caption)                outside box or environment on input line 349.
See the caption package documentation for explanation.


Package caption Warning: \subcaption
(caption)                outside box or environment on input line 349.
See the caption package documentation for explanation.


Underfull \hbox (badness 10000) in paragraph at lines 357--358

 []


Underfull \hbox (badness 10000) in paragraph at lines 359--360

 []


Underfull \hbox (badness 10000) in paragraph at lines 361--362

 []


Underfull \hbox (badness 10000) in paragraph at lines 363--364

 []

[32 <./imagenes/acondicionamientos sensor BH1750.jpg>]
Underfull \hbox (badness 10000) in paragraph at lines 365--366

 []

<imagenes/esquematico RT9013.pdf, id=172, 368.37625pt x 392.46625pt>
File: imagenes/esquematico RT9013.pdf Graphic file (type pdf)
<use imagenes/esquematico RT9013.pdf>
Package pdftex.def Info: imagenes/esquematico RT9013.pdf  used on input line 385.
(pdftex.def)             Requested size: 156.48756pt x 170.72142pt.

Package caption Warning: \captionsetup{subtype*=...} or \subcaptionof
(caption)                outside box or environment on input line 387.
See the caption package documentation for explanation.


Package caption Warning: \subcaption
(caption)                outside box or environment on input line 387.
See the caption package documentation for explanation.


LaTeX Warning: `h' float specifier changed to `ht'.

<imagenes/acondicionamiento RT9013.jpg, id=173, 280.79906pt x 155.83218pt>
File: imagenes/acondicionamiento RT9013.jpg Graphic file (type jpg)
<use imagenes/acondicionamiento RT9013.jpg>
Package pdftex.def Info: imagenes/acondicionamiento RT9013.jpg  used on input line 393.
(pdftex.def)             Requested size: 341.45177pt x 199.17204pt.

Package caption Warning: \captionsetup{subtype*=...} or \subcaptionof
(caption)                outside box or environment on input line 395.
See the caption package documentation for explanation.


Package caption Warning: \subcaption
(caption)                outside box or environment on input line 395.
See the caption package documentation for explanation.


LaTeX Warning: `h' float specifier changed to `ht'.

)
Underfull \hbox (badness 10000) in paragraph at lines 401--90

 []

[33] [34 <./imagenes/esquematico RT9013.pdf> <./imagenes/acondicionamiento RT9013.jpg>]
\openout2 = `capitulos/conclusiones.aux'.

 (capitulos/conclusiones.tex) [35



]
\openout2 = `capitulos/recomendaciones.aux'.

 (capitulos/recomendaciones.tex) [36



]
\openout2 = `capitulos/apendix.aux'.

 (capitulos/apendix.tex) [37



]
\openout2 = `capitulos/bibliografia.aux'.

 (capitulos/bibliografia.tex (tesis.bbl [38




] [39])) [40] (tesis.aux (caratula.aux)
LaTeX Info: Redefining \. on input line 9.
LaTeX Info: Redefining \% on input line 9.
 (capitulos/carátula2.aux) (capitulos/pagina_firmas.aux) (capitulos/dedicatoria.aux) (capitulos/agradecimientos.aux) (capitulos/listado.aux) (capitulos/indice2.aux) (capitulos/indice3.aux) (capitulos/resumen.aux) (capitulos/abstract.aux) (capitulos/indice.aux) (capitulos/introduccion.aux) (capitulos/capitulo1.aux) (capitulos/capitulo2.aux) (capitulos/conclusiones.aux) (capitulos/recomendaciones.aux) (capitulos/apendix.aux) (capitulos/bibliografia.aux)) ) 
Here is how much of TeX's memory you used:
 9457 strings out of 475389
 171705 string characters out of 2777000
 523820 words of memory out of 3000000
 30509 multiletter control sequences out of 15000+600000
 556597 words of font info for 81 fonts, out of 8000000 for 9000
 1141 hyphenation exceptions out of 8191
 60i,19n,67p,1235b,464s stack positions out of 10000i,1000n,20000p,200000b,80000s
{C:/Users/Migue/AppData/Local/Programs/MiKTeX/fonts/enc/dvips/base/8r.enc}<C:/Users/Migue/AppData/Local/Programs/MiKTeX/fonts/type1/urw/arial/ua1b8a.pfb><C:/Users/Migue/AppData/Local/Programs/MiKTeX/fonts/type1/urw/arial/ua1r8a.pfb><C:/Users/Migue/AppData/Local/Programs/MiKTeX/fonts/type1/urw/arial/ua1ri8a.pfb>
Output written on tesis.pdf (52 pages, 3206069 bytes).
PDF statistics:
 224 PDF objects out of 1000 (max. 8388607)
 0 named destinations out of 1000 (max. 500000)
 136 words of extra memory for PDF output out of 10000 (max. 10000000)

